
GET /orders 12-08-2023_11:15:48
POST /orders 12-08-2023_11:16:23
GET /orders 12-08-2023_11:17:04
POST /orders 12-08-2023_11:17:09
GET /orders 12-08-2023_11:19:35
GET /orders 12-08-2023_11:21:21
GET /api/idpHelp/ 12-08-2023_11:21:31
GET /api/ 12-08-2023_11:21:36
GET /api/order 12-08-2023_11:21:41
GET /api/orders 12-08-2023_11:21:43
GET /api/orders 12-08-2023_11:21:54
GET /api/orders 12-08-2023_11:22:07
GET /api/orders 12-08-2023_11:22:34
GET /api/orders 17-08-2023_08:06:37
POST /orders 17-08-2023_08:08:06
POST /api/orders 17-08-2023_08:08:17
POST /api/orders 17-08-2023_08:58:40
POST /api/orders 17-08-2023_09:04:19
POST /api/orders 17-08-2023_09:05:12
PATCH /orders/64ddb8988f3ca5226f274d6f/add-person 17-08-2023_09:06:36
PATCH /api/orders/64ddb8988f3ca5226f274d6f/add-person 17-08-2023_09:06:45
GET /api/orders 17-08-2023_10:08:53
PATCH /api/orders/64ddb8988f3ca5226f274d6f/add-person 17-08-2023_10:09:13
PATCH /api/orders/64ddb8988f3ca5226f274d6f/add-person 17-08-2023_10:09:40
PATCH /api/orders/64ddb8988f3ca5226f274d6f/add-person 17-08-2023_10:10:41
PATCH /api/orders/64ddb8988f3ca5226f274d6f/add-person 17-08-2023_10:54:54
PATCH /api/orders/64ddb8988f3ca5226f274d6f/add-person 17-08-2023_10:55:07
PATCH /api/orders/64ddb8988f3ca5226f274d6f/add-person 17-08-2023_10:58:54
PATCH /api/orders/64ddb8988f3ca5226f274d6f/add-person 17-08-2023_11:00:31
PATCH /api/orders/64ddb8988f3ca5226f274d6f/add-person 17-08-2023_11:01:27